#
# A fatal error has been detected by the Java Runtime Environment:
#
#  EXCEPTION_ACCESS_VIOLATION (0xc0000005) at pc=0x000000005fc7a940, pid=11360, tid=0x0000000000003cf4
#
# JRE version: OpenJDK Runtime Environment (8.0_152-b06) (build 1.8.0_152-release-1136-b06)
# Java VM: OpenJDK 64-Bit Server VM (25.152-b06 mixed mode windows-amd64 compressed oops)
# Problematic frame:
# V  [jvm.dll+0x8a940]
#
# Failed to write core dump. Minidumps are not enabled by default on client versions of Windows
#
# If you would like to submit a bug report, please visit:
#   http://bugreport.java.com/bugreport/crash.jsp
#

---------------  T H R E A D  ---------------

Current thread (0x0000000002755000):  GCTaskThread [stack: 0x0000000012800000,0x0000000012900000] [id=15604]

siginfo: ExceptionCode=0xc0000005, reading address 0x0000000000000030

Registers:
RAX=0x0000000000000000, RBX=0x00000000ef1816f8, RCX=0x00000000ef1816f8, RDX=0x0000000000000028
RSP=0x00000000128ff688, RBP=0x0000000000000000, RSI=0x00000000165e3dc0, RDI=0x00000000165e3dc0
R8 =0x00000000165e3dc0, R9 =0x0000000000000030, R10=0x0000000000000008, R11=0x00000000fb51c040
R12=0x00000000601d8f60, R13=0x0000000000000000, R14=0x0000000000000000, R15=0x00000000027553f0
RIP=0x000000005fc7a940, EFLAGS=0x0000000000010206

Top of Stack: (sp=0x00000000128ff688)
0x00000000128ff688:   000000005ffbca32 00000000ef194f48
0x00000000128ff698:   0000000000000004 00000000165e3dc0
0x00000000128ff6a8:   000000005ffbd945 00000000fb514050
0x00000000128ff6b8:   0000000000001000 00000000fc1c26a0
0x00000000128ff6c8:   0000000000000004 0000000000000000
0x00000000128ff6d8:   0000000002752d00 00000000601d8f60
0x00000000128ff6e8:   000000005ffbcda0 00000000fb516b30
0x00000000128ff6f8:   0000000000000000 00000000165e3dc0
0x00000000128ff708:   00000000165e3dc0 00000000fb516b30
0x00000000128ff718:   000000005ffbd945 000000000273d760
0x00000000128ff728:   00000000165e3dc0 0000000011c427fe
0x00000000128ff738:   00000000aa4ffe20 00000000aa4ffe00
0x00000000128ff748:   0000000000000c00 0000000000000000
0x00000000128ff758:   0000000000000000 0000000002755300
0x00000000128ff768:   000000002006b800 0000000060206001
0x00000000128ff778:   000000005fddfa01 000089ed2c166761 

Instructions: (pc=0x000000005fc7a940)
0x000000005fc7a920:   ac 50 1d 00 48 8b 9c 24 c0 00 00 00 48 81 c4 b0
0x000000005fc7a930:   00 00 00 5d c3 cc cc cc cc cc cc cc cc cc cc cc
0x000000005fc7a940:   44 8b 42 08 4c 8b ca 45 85 c0 7e 0e 41 f6 c0 01
0x000000005fc7a950:   75 57 41 c1 f8 03 41 8b c0 c3 79 4d 80 3d 9e 10 


Register to memory mapping:

RAX=0x0000000000000000 is an unknown value
RBX=0x00000000ef1816f8 is an unknown value
RCX=0x00000000ef1816f8 is an unknown value
RDX=0x0000000000000028 is an unknown value
RSP=0x00000000128ff688 is an unknown value
RBP=0x0000000000000000 is an unknown value
RSI=0x00000000165e3dc0 is an unknown value
RDI=0x00000000165e3dc0 is an unknown value
R8 =0x00000000165e3dc0 is an unknown value
R9 =0x0000000000000030 is an unknown value
R10=0x0000000000000008 is an unknown value
R11=0x00000000fb51c040 is an oop

[error occurred during error reporting (printing register info), id 0xc0000005]

Stack: [0x0000000012800000,0x0000000012900000],  sp=0x00000000128ff688,  free space=1021k
Native frames: (J=compiled Java code, j=interpreted, Vv=VM code, C=native code)


---------------  P R O C E S S  ---------------

Java Threads: ( => current thread )
  0x0000000020076800 JavaThread "Cache worker for Java compile cache (D:\GitHub\JAVA\.gradle\4.4\javaCompile)" [_thread_blocked, id=13560, stack(0x0000000045d20000,0x0000000045e20000)]
  0x000000002006b800 JavaThread "Task worker for ':' Thread 7" [_thread_blocked, id=10812, stack(0x0000000045c20000,0x0000000045d20000)]
  0x0000000020072800 JavaThread "Task worker for ':' Thread 6" [_thread_blocked, id=10220, stack(0x0000000045b20000,0x0000000045c20000)]
  0x0000000020072000 JavaThread "Task worker for ':' Thread 5" [_thread_blocked, id=492, stack(0x0000000045a20000,0x0000000045b20000)]
  0x000000002006a000 JavaThread "Task worker for ':' Thread 4" [_thread_blocked, id=140, stack(0x0000000045920000,0x0000000045a20000)]
  0x000000002006e800 JavaThread "Task worker for ':' Thread 3" [_thread_blocked, id=4580, stack(0x0000000045820000,0x0000000045920000)]
  0x0000000020071000 JavaThread "Task worker for ':' Thread 2" [_thread_blocked, id=10224, stack(0x0000000045720000,0x0000000045820000)]
  0x000000002006b000 JavaThread "Task worker for ':'" [_thread_blocked, id=840, stack(0x0000000045620000,0x0000000045720000)]
  0x000000001c0d7800 JavaThread "Cache worker for Build Output Cleanup Cache (D:\GitHub\JAVA\.gradle\buildOutputCleanup)" [_thread_blocked, id=14824, stack(0x0000000045520000,0x0000000045620000)]
  0x000000001c0d6000 JavaThread "Cache worker for task history cache (D:\GitHub\JAVA\.gradle\4.4\taskHistory)" [_thread_blocked, id=13056, stack(0x0000000045420000,0x0000000045520000)]
  0x000000001c0d3000 JavaThread "Cache worker for file content cache (D:\GitHub\JAVA\.gradle\4.4\fileContent)" [_thread_blocked, id=496, stack(0x0000000045320000,0x0000000045420000)]
  0x000000001c0d5000 JavaThread "build operations Thread 8" [_thread_blocked, id=4024, stack(0x0000000045220000,0x0000000045320000)]
  0x000000001c0d9800 JavaThread "build operations Thread 7" [_thread_blocked, id=212, stack(0x0000000045120000,0x0000000045220000)]
  0x000000001c0d4800 JavaThread "build operations Thread 6" [_thread_blocked, id=15820, stack(0x0000000045020000,0x0000000045120000)]
  0x000000001c0d2000 JavaThread "build operations Thread 5" [_thread_blocked, id=13400, stack(0x0000000044f20000,0x0000000045020000)]
  0x000000001c0d3800 JavaThread "build operations Thread 4" [_thread_blocked, id=12504, stack(0x0000000044e20000,0x0000000044f20000)]
  0x000000001c0d8000 JavaThread "build operations Thread 3" [_thread_blocked, id=6480, stack(0x0000000044d20000,0x0000000044e20000)]
  0x000000001c0ca800 JavaThread "build operations Thread 2" [_thread_blocked, id=5620, stack(0x0000000044c20000,0x0000000044d20000)]
  0x000000001c0d1800 JavaThread "build operations" [_thread_blocked, id=5604, stack(0x0000000044b20000,0x0000000044c20000)]
  0x000000001c0cb800 JavaThread "Cache worker for Artifact transforms cache (C:\Users\Windows 10\.gradle\caches\transforms-1)" [_thread_blocked, id=5924, stack(0x0000000044a20000,0x0000000044b20000)]
  0x000000001c0d0800 JavaThread "Cache worker for file hash cache (D:\GitHub\JAVA\.gradle\4.4\fileHashes)" [_thread_blocked, id=5616, stack(0x0000000044920000,0x0000000044a20000)]
  0x000000001c0cd000 JavaThread "Stdin handler" [_thread_blocked, id=7176, stack(0x0000000044820000,0x0000000044920000)]
  0x000000001c0d0000 JavaThread "Asynchronous log dispatcher for DefaultDaemonConnection: socket connection from /127.0.0.1:50514 to /127.0.0.1:54365" [_thread_blocked, id=6512, stack(0x0000000044720000,0x0000000044820000)]
  0x000000001c0cd800 JavaThread "Daemon worker Thread 4" [_thread_blocked, id=16724, stack(0x0000000044620000,0x0000000044720000)]
  0x000000001c0cf000 JavaThread "Cancel handler" [_thread_blocked, id=11604, stack(0x0000000044520000,0x0000000044620000)]
  0x000000001c0ce800 JavaThread "Handler for socket connection from /127.0.0.1:50514 to /127.0.0.1:54365" [_thread_in_native, id=11652, stack(0x0000000044420000,0x0000000044520000)]
  0x000000001c0cc000 JavaThread "Daemon Thread 4" [_thread_blocked, id=7904, stack(0x0000000044320000,0x0000000044420000)]
  0x000000001fd9d800 JavaThread "MarlinRenderer Disposer" daemon [_thread_blocked, id=12048, stack(0x0000000028c20000,0x0000000028d20000)]
  0x000000001fd9c000 JavaThread "Java2D Disposer" daemon [_thread_blocked, id=4204, stack(0x0000000028b20000,0x0000000028c20000)]
  0x000000002006c800 JavaThread "Memory manager" [_thread_blocked, id=4812, stack(0x0000000023180000,0x0000000023280000)]
  0x0000000020070800 JavaThread "pool-1-thread-1" [_thread_blocked, id=3352, stack(0x0000000023080000,0x0000000023180000)]
  0x000000001a769800 JavaThread "File lock request listener" [_thread_in_native, id=13784, stack(0x000000001bc50000,0x000000001bd50000)]
  0x000000001a62a800 JavaThread "Cache worker for file hash cache (C:\Users\Windows 10\.gradle\caches\4.4\fileHashes)" [_thread_blocked, id=14948, stack(0x000000001bb50000,0x000000001bc50000)]
  0x000000001a3d4800 JavaThread "Daemon periodic checks" [_thread_blocked, id=14220, stack(0x000000001af50000,0x000000001b050000)]
  0x000000001a392000 JavaThread "Incoming local TCP Connector on port 50514" [_thread_in_native, id=14228, stack(0x000000001ad10000,0x000000001ae10000)]
  0x00000000185af000 JavaThread "Service Thread" daemon [_thread_blocked, id=16468, stack(0x0000000019100000,0x0000000019200000)]
  0x000000001857d800 JavaThread "C1 CompilerThread3" daemon [_thread_blocked, id=12108, stack(0x0000000019000000,0x0000000019100000)]
  0x00000000165fa800 JavaThread "C2 CompilerThread2" daemon [_thread_blocked, id=5336, stack(0x0000000018f00000,0x0000000019000000)]
  0x0000000018577000 JavaThread "C2 CompilerThread1" daemon [_thread_blocked, id=9208, stack(0x0000000018e00000,0x0000000018f00000)]
  0x0000000018572000 JavaThread "C2 CompilerThread0" daemon [_thread_blocked, id=14864, stack(0x0000000018d00000,0x0000000018e00000)]
  0x000000001851e800 JavaThread "Attach Listener" daemon [_thread_blocked, id=3752, stack(0x0000000018c00000,0x0000000018d00000)]
  0x000000001851d800 JavaThread "Signal Dispatcher" daemon [_thread_blocked, id=1972, stack(0x0000000018b00000,0x0000000018c00000)]
  0x00000000165f1800 JavaThread "Finalizer" daemon [_thread_blocked, id=10748, stack(0x00000000188e0000,0x00000000189e0000)]
  0x0000000002827000 JavaThread "Reference Handler" daemon [_thread_blocked, id=14496, stack(0x00000000183e0000,0x00000000184e0000)]
  0x00000000022be800 JavaThread "main" [_thread_blocked, id=11696, stack(0x0000000002630000,0x0000000002730000)]

Other Threads:
  0x00000000165e5800 VMThread [stack: 0x00000000182e0000,0x00000000183e0000] [id=15236]
  0x00000000185b0000 WatcherThread [stack: 0x0000000019200000,0x0000000019300000] [id=5552]

=>0x0000000002755000 (exited) GCTaskThread [stack: 0x0000000012800000,0x0000000012900000] [id=15604]

VM state:at safepoint (normal execution)

VM Mutex/Monitor currently owned by a thread:  ([mutex/lock_event])
[0x00000000022bd1b0] Threads_lock - owner thread: 0x00000000165e5800
[0x00000000022bcbb0] Heap_lock - owner thread: 0x000000002006b000

Heap:
 PSYoungGen      total 402944K, used 344204K [0x00000000e0000000, 0x00000000ff700000, 0x0000000100000000)
  eden space 329216K, 99% used [0x00000000e0000000,0x00000000f408c128,0x00000000f4180000)
  from space 73728K, 21% used [0x00000000f4180000,0x00000000f51170b0,0x00000000f8980000)
  to   space 70144K, 14% used [0x00000000fb280000,0x00000000fbc27048,0x00000000ff700000)
 ParOldGen       total 294912K, used 179675K [0x00000000a0000000, 0x00000000b2000000, 0x00000000e0000000)
  object space 294912K, 60% used [0x00000000a0000000,0x00000000aaf76ec0,0x00000000b2000000)
 Metaspace       used 94459K, capacity 98826K, committed 99732K, reserved 1136640K
  class space    used 11954K, capacity 12897K, committed 13244K, reserved 1048576K

Card table byte_map: [0x0000000011bf0000,0x0000000011f00000] byte_map_base: 0x00000000116f0000

Marking Bits: (ParMarkBitMap*) 0x00000000603b5aa0
 Begin Bits: [0x0000000012900000, 0x0000000014100000)
 End Bits:   [0x0000000014100000, 0x0000000015900000)

Polling page: 0x0000000000b20000

CodeCache: size=245760Kb used=61203Kb max_used=62218Kb free=184556Kb
 bounds [0x0000000002830000, 0x0000000006550000, 0x0000000011830000]
 total_blobs=18197 nmethods=17196 adapters=912
 compilation: enabled

Compilation events (10 events):
Event: 1771.247 Thread 0x0000000018577000 22605       4       com.sun.tools.javac.parser.Tokens$StringToken::<init> (16 bytes)
Event: 1771.247 Thread 0x000000001857d800 22606       3       com.sun.tools.javac.parser.JavacParser::annotation (128 bytes)
Event: 1771.248 Thread 0x0000000018577000 nmethod 22605 0x0000000006234c50 code [0x0000000006234da0, 0x0000000006234e98]
Event: 1771.248 Thread 0x000000001857d800 nmethod 22606 0x0000000004f36750 code [0x0000000004f36a40, 0x0000000004f37fc8]
Event: 1771.248 Thread 0x000000001857d800 22607       3       com.sun.tools.javac.code.Source::allowLambda (16 bytes)
Event: 1771.248 Thread 0x000000001857d800 nmethod 22607 0x0000000004f36210 code [0x0000000004f36380, 0x0000000004f365e8]
Event: 1771.250 Thread 0x000000001857d800 22608       3       com.sun.tools.javac.util.Options::get (15 bytes)
Event: 1771.250 Thread 0x000000001857d800 nmethod 22608 0x000000000521a7d0 code [0x000000000521a980, 0x000000000521afc8]
Event: 1771.253 Thread 0x0000000018572000 22609       4       com.sun.tools.javac.parser.JavacParser::classOrInterfaceBody (134 bytes)
Event: 1771.267 Thread 0x0000000018572000 nmethod 22609 0x000000000544b8d0 code [0x000000000544bae0, 0x000000000544c550]

GC Heap History (10 events):
Event: 129.806 GC heap after
Heap after GC invocations=33 (full 3):
 PSYoungGen      total 327680K, used 6728K [0x00000000e0000000, 0x00000000f6e80000, 0x0000000100000000)
  eden space 292352K, 0% used [0x00000000e0000000,0x00000000e0000000,0x00000000f1d80000)
  from space 35328K, 19% used [0x00000000f4c00000,0x00000000f5292170,0x00000000f6e80000)
  to   space 41472K, 0% used [0x00000000f1d80000,0x00000000f1d80000,0x00000000f4600000)
 ParOldGen       total 148992K, used 127620K [0x00000000a0000000, 0x00000000a9180000, 0x00000000e0000000)
  object space 148992K, 85% used [0x00000000a0000000,0x00000000a7ca12d8,0x00000000a9180000)
 Metaspace       used 91905K, capacity 96586K, committed 96788K, reserved 1132544K
  class space    used 11844K, capacity 12847K, committed 12860K, reserved 1048576K
}
Event: 132.564 GC heap before
{Heap before GC invocations=34 (full 3):
 PSYoungGen      total 327680K, used 299080K [0x00000000e0000000, 0x00000000f6e80000, 0x0000000100000000)
  eden space 292352K, 100% used [0x00000000e0000000,0x00000000f1d80000,0x00000000f1d80000)
  from space 35328K, 19% used [0x00000000f4c00000,0x00000000f5292170,0x00000000f6e80000)
  to   space 41472K, 0% used [0x00000000f1d80000,0x00000000f1d80000,0x00000000f4600000)
 ParOldGen       total 148992K, used 127620K [0x00000000a0000000, 0x00000000a9180000, 0x00000000e0000000)
  object space 148992K, 85% used [0x00000000a0000000,0x00000000a7ca12d8,0x00000000a9180000)
 Metaspace       used 92828K, capacity 97584K, committed 97684K, reserved 1134592K
  class space    used 11937K, capacity 12974K, committed 12988K, reserved 1048576K
Event: 132.617 GC heap after
Heap after GC invocations=34 (full 3):
 PSYoungGen      total 333824K, used 41465K [0x00000000e0000000, 0x00000000fc280000, 0x0000000100000000)
  eden space 292352K, 0% used [0x00000000e0000000,0x00000000e0000000,0x00000000f1d80000)
  from space 41472K, 99% used [0x00000000f1d80000,0x00000000f45fe758,0x00000000f4600000)
  to   space 58368K, 0% used [0x00000000f8980000,0x00000000f8980000,0x00000000fc280000)
 ParOldGen       total 154112K, used 153689K [0x00000000a0000000, 0x00000000a9680000, 0x00000000e0000000)
  object space 154112K, 99% used [0x00000000a0000000,0x00000000a9616758,0x00000000a9680000)
 Metaspace       used 92828K, capacity 97584K, committed 97684K, reserved 1134592K
  class space    used 11937K, capacity 12974K, committed 12988K, reserved 1048576K
}
Event: 132.618 GC heap before
{Heap before GC invocations=35 (full 4):
 PSYoungGen      total 333824K, used 41465K [0x00000000e0000000, 0x00000000fc280000, 0x0000000100000000)
  eden space 292352K, 0% used [0x00000000e0000000,0x00000000e0000000,0x00000000f1d80000)
  from space 41472K, 99% used [0x00000000f1d80000,0x00000000f45fe758,0x00000000f4600000)
  to   space 58368K, 0% used [0x00000000f8980000,0x00000000f8980000,0x00000000fc280000)
 ParOldGen       total 154112K, used 153689K [0x00000000a0000000, 0x00000000a9680000, 0x00000000e0000000)
  object space 154112K, 99% used [0x00000000a0000000,0x00000000a9616758,0x00000000a9680000)
 Metaspace       used 92828K, capacity 97584K, committed 97684K, reserved 1134592K
  class space    used 11937K, capacity 12974K, committed 12988K, reserved 1048576K
Event: 133.040 GC heap after
Heap after GC invocations=35 (full 4):
 PSYoungGen      total 333824K, used 0K [0x00000000e0000000, 0x00000000fc280000, 0x0000000100000000)
  eden space 292352K, 0% used [0x00000000e0000000,0x00000000e0000000,0x00000000f1d80000)
  from space 41472K, 0% used [0x00000000f1d80000,0x00000000f1d80000,0x00000000f4600000)
  to   space 58368K, 0% used [0x00000000f8980000,0x00000000f8980000,0x00000000fc280000)
 ParOldGen       total 294912K, used 141443K [0x00000000a0000000, 0x00000000b2000000, 0x00000000e0000000)
  object space 294912K, 47% used [0x00000000a0000000,0x00000000a8a20c08,0x00000000b2000000)
 Metaspace       used 92223K, capacity 96108K, committed 97684K, reserved 1134592K
  class space    used 11721K, capacity 12604K, committed 12988K, reserved 1048576K
}
Event: 134.768 GC heap before
{Heap before GC invocations=36 (full 4):
 PSYoungGen      total 333824K, used 292352K [0x00000000e0000000, 0x00000000fc280000, 0x0000000100000000)
  eden space 292352K, 100% used [0x00000000e0000000,0x00000000f1d80000,0x00000000f1d80000)
  from space 41472K, 0% used [0x00000000f1d80000,0x00000000f1d80000,0x00000000f4600000)
  to   space 58368K, 0% used [0x00000000f8980000,0x00000000f8980000,0x00000000fc280000)
 ParOldGen       total 294912K, used 141443K [0x00000000a0000000, 0x00000000b2000000, 0x00000000e0000000)
  object space 294912K, 47% used [0x00000000a0000000,0x00000000a8a20c08,0x00000000b2000000)
 Metaspace       used 92290K, capacity 96248K, committed 97940K, reserved 1134592K
  class space    used 11724K, capacity 12608K, committed 12988K, reserved 1048576K
Event: 134.823 GC heap after
Heap after GC invocations=36 (full 4):
 PSYoungGen      total 387584K, used 58357K [0x00000000e0000000, 0x00000000fe300000, 0x0000000100000000)
  eden space 329216K, 0% used [0x00000000e0000000,0x00000000e0000000,0x00000000f4180000)
  from space 58368K, 99% used [0x00000000f8980000,0x00000000fc27d5b8,0x00000000fc280000)
  to   space 73728K, 0% used [0x00000000f4180000,0x00000000f4180000,0x00000000f8980000)
 ParOldGen       total 294912K, used 154223K [0x00000000a0000000, 0x00000000b2000000, 0x00000000e0000000)
  object space 294912K, 52% used [0x00000000a0000000,0x00000000a969bf38,0x00000000b2000000)
 Metaspace       used 92290K, capacity 96248K, committed 97940K, reserved 1134592K
  class space    used 11724K, capacity 12608K, committed 12988K, reserved 1048576K
}
Event: 1651.027 GC heap before
{Heap before GC invocations=37 (full 4):
 PSYoungGen      total 387584K, used 387573K [0x00000000e0000000, 0x00000000fe300000, 0x0000000100000000)
  eden space 329216K, 100% used [0x00000000e0000000,0x00000000f4180000,0x00000000f4180000)
  from space 58368K, 99% used [0x00000000f8980000,0x00000000fc27d5b8,0x00000000fc280000)
  to   space 73728K, 0% used [0x00000000f4180000,0x00000000f4180000,0x00000000f8980000)
 ParOldGen       total 294912K, used 154223K [0x00000000a0000000, 0x00000000b2000000, 0x00000000e0000000)
  object space 294912K, 52% used [0x00000000a0000000,0x00000000a969bf38,0x00000000b2000000)
 Metaspace       used 93961K, capacity 98238K, committed 99348K, reserved 1136640K
  class space    used 11935K, capacity 12837K, committed 13116K, reserved 1048576K
Event: 1651.055 GC heap after
Heap after GC invocations=37 (full 4):
 PSYoungGen      total 402944K, used 15964K [0x00000000e0000000, 0x00000000ff700000, 0x0000000100000000)
  eden space 329216K, 0% used [0x00000000e0000000,0x00000000e0000000,0x00000000f4180000)
  from space 73728K, 21% used [0x00000000f4180000,0x00000000f51170b0,0x00000000f8980000)
  to   space 70144K, 0% used [0x00000000fb280000,0x00000000fb280000,0x00000000ff700000)
 ParOldGen       total 294912K, used 178586K [0x00000000a0000000, 0x00000000b2000000, 0x00000000e0000000)
  object space 294912K, 60% used [0x00000000a0000000,0x00000000aae66ad8,0x00000000b2000000)
 Metaspace       used 93961K, capacity 98238K, committed 99348K, reserved 1136640K
  class space    used 11935K, capacity 12837K, committed 13116K, reserved 1048576K
}
Event: 1771.270 GC heap before
{Heap before GC invocations=38 (full 4):
 PSYoungGen      total 402944K, used 344204K [0x00000000e0000000, 0x00000000ff700000, 0x0000000100000000)
  eden space 329216K, 99% used [0x00000000e0000000,0x00000000f408c128,0x00000000f4180000)
  from space 73728K, 21% used [0x00000000f4180000,0x00000000f51170b0,0x00000000f8980000)
  to   space 70144K, 0% used [0x00000000fb280000,0x00000000fb280000,0x00000000ff700000)
 ParOldGen       total 294912K, used 178586K [0x00000000a0000000, 0x00000000b2000000, 0x00000000e0000000)
  object space 294912K, 60% used [0x00000000a0000000,0x00000000aae66ad8,0x00000000b2000000)
 Metaspace       used 94459K, capacity 98826K, committed 99732K, reserved 1136640K
  class space    used 11954K, capacity 12897K, committed 13244K, reserved 1048576K

Deoptimization events (10 events):
Event: 1655.298 Thread 0x000000001c0d2000 Uncommon trap: reason=unstable_if action=reinterpret pc=0x00000000030d53a0 method=java.util.concurrent.locks.LockSupport.unpark(Ljava/lang/Thread;)V @ 1
Event: 1655.771 Thread 0x000000001fd90000 Uncommon trap: reason=class_check action=maybe_recompile pc=0x0000000005aedc40 method=java.util.Collections$SetFromMap.size()I @ 4
Event: 1655.793 Thread 0x000000001fd9d000 Uncommon trap: reason=unstable_if action=reinterpret pc=0x0000000003819164 method=java.util.regex.Matcher.appendReplacement(Ljava/lang/StringBuffer;Ljava/lang/String;)Ljava/util/regex/Matcher; @ 47
Event: 1656.894 Thread 0x000000001fd90000 Uncommon trap: reason=class_check action=maybe_recompile pc=0x0000000005aedc40 method=java.util.Collections$SetFromMap.size()I @ 4
Event: 1658.019 Thread 0x000000001fd90000 Uncommon trap: reason=class_check action=maybe_recompile pc=0x0000000005d82adc method=java.util.stream.MatchOps$MatchOp.evaluateSequential(Ljava/util/stream/PipelineHelper;Ljava/util/Spliterator;)Ljava/lang/Boolean; @ 14
Event: 1658.019 Thread 0x000000001fd90000 Uncommon trap: reason=bimorphic action=maybe_recompile pc=0x0000000005d86434 method=java.util.stream.AbstractPipeline.copyIntoWithCancel(Ljava/util/stream/Sink;Ljava/util/Spliterator;)V @ 24
Event: 1658.019 Thread 0x000000001fd90000 Uncommon trap: reason=bimorphic action=maybe_recompile pc=0x0000000005d78648 method=java.util.stream.ReferencePipeline.forEachWithCancel(Ljava/util/Spliterator;Ljava/util/stream/Sink;)V @ 1
Event: 1658.019 Thread 0x000000001fd90000 Uncommon trap: reason=class_check action=maybe_recompile pc=0x0000000004bcbe20 method=java.util.Spliterators$ArraySpliterator.tryAdvance(Ljava/util/function/Consumer;)Z @ 49
Event: 1769.122 Thread 0x000000001c0cd800 Uncommon trap: reason=class_check action=maybe_recompile pc=0x00000000045364b0 method=com.google.common.collect.AbstractMapBasedMultimap$WrappedCollection.refreshIfEmpty()V @ 40
Event: 1770.097 Thread 0x000000002006b000 Uncommon trap: reason=class_check action=maybe_recompile pc=0x0000000003fd6e60 method=com.google.common.collect.Sets$1.contains(Ljava/lang/Object;)Z @ 18

Classes redefined (0 events):
No events

Internal exceptions (10 events):
Event: 704.789 Thread 0x0000000020070800 Exception <a 'sun/nio/fs/WindowsException'> (0x00000000ee57d9a0) thrown at [D:\src\AOSP-openjdk-cygwin\jdk8u\hotspot\src\share\vm\prims\jni.cpp, line 709]
Event: 1649.539 Thread 0x000000001c0cb800 Exception <a 'sun/nio/fs/WindowsException'> (0x00000000effe2178) thrown at [D:\src\AOSP-openjdk-cygwin\jdk8u\hotspot\src\share\vm\prims\jni.cpp, line 709]
Event: 1649.542 Thread 0x000000001c0cb800 Exception <a 'sun/nio/fs/WindowsException'> (0x00000000effee2b0) thrown at [D:\src\AOSP-openjdk-cygwin\jdk8u\hotspot\src\share\vm\prims\jni.cpp, line 709]
Event: 1656.888 Thread 0x000000002006a000 Exception <a 'sun/nio/fs/WindowsException'> (0x00000000ea992f00) thrown at [D:\src\AOSP-openjdk-cygwin\jdk8u\hotspot\src\share\vm\prims\jni.cpp, line 709]
Event: 1657.001 Thread 0x0000000020074000 Exception <a 'sun/nio/fs/WindowsException'> (0x00000000eaf98520) thrown at [D:\src\AOSP-openjdk-cygwin\jdk8u\hotspot\src\share\vm\prims\jni.cpp, line 709]
Event: 1657.002 Thread 0x0000000020072800 Exception <a 'sun/nio/fs/WindowsException'> (0x00000000ebb29df8) thrown at [D:\src\AOSP-openjdk-cygwin\jdk8u\hotspot\src\share\vm\prims\jni.cpp, line 709]
Event: 1657.937 Thread 0x000000002006a000 Exception <a 'sun/nio/fs/WindowsException'> (0x00000000ec2fe780) thrown at [D:\src\AOSP-openjdk-cygwin\jdk8u\hotspot\src\share\vm\prims\jni.cpp, line 709]
Event: 1657.977 Thread 0x0000000020077000 Exception <a 'sun/nio/fs/WindowsException'> (0x00000000ed0106a0) thrown at [D:\src\AOSP-openjdk-cygwin\jdk8u\hotspot\src\share\vm\prims\jni.cpp, line 709]
Event: 1769.100 Thread 0x000000001c0cd800 Exception <a 'sun/nio/fs/WindowsException'> (0x00000000eee28fe0) thrown at [D:\src\AOSP-openjdk-cygwin\jdk8u\hotspot\src\share\vm\prims\jni.cpp, line 709]
Event: 1769.102 Thread 0x000000001c0cd800 Exception <a 'sun/nio/fs/WindowsException'> (0x00000000eee35118) thrown at [D:\src\AOSP-openjdk-cygwin\jdk8u\hotspot\src\share\vm\prims\jni.cpp, line 709]

Events (10 events):
Event: 1769.266 Executing VM operation: RevokeBias done
Event: 1769.296 Executing VM operation: RevokeBias
Event: 1769.296 Executing VM operation: RevokeBias done
Event: 1769.351 Thread 0x000000001c0d3800 DEOPT PACKING pc=0x00000000043b68bc sp=0x0000000044f1e3c0
Event: 1769.351 Thread 0x000000001c0d3800 DEOPT UNPACKING pc=0x00000000028775d0 sp=0x0000000044f1e120 mode 0
Event: 1770.097 Thread 0x000000002006b000 Uncommon trap: trap_request=0xffffffde fr.pc=0x0000000003fd6e60
Event: 1770.097 Thread 0x000000002006b000 DEOPT PACKING pc=0x0000000003fd6e60 sp=0x000000004571dac0
Event: 1770.097 Thread 0x000000002006b000 DEOPT UNPACKING pc=0x000000000287557b sp=0x000000004571da78 mode 2
Event: 1770.252 Thread 0x0000000020076800 Thread added: 0x0000000020076800
Event: 1771.270 Executing VM operation: ParallelGCFailedAllocation


Dynamic libraries:
0x00007ff63ce60000 - 0x00007ff63ce91000 	C:\Program Files\Android\Android Studio\jre\bin\java.exe
0x00007ffa22a20000 - 0x00007ffa22c01000 	C:\WINDOWS\SYSTEM32\ntdll.dll
0x00007ffa22490000 - 0x00007ffa22542000 	C:\WINDOWS\System32\KERNEL32.DLL
0x00007ffa1f870000 - 0x00007ffa1fae3000 	C:\WINDOWS\System32\KERNELBASE.dll
0x00007ffa20020000 - 0x00007ffa200c1000 	C:\WINDOWS\System32\ADVAPI32.dll
0x00007ffa20150000 - 0x00007ffa201ee000 	C:\WINDOWS\System32\msvcrt.dll
0x00007ffa209f0000 - 0x00007ffa20a4b000 	C:\WINDOWS\System32\sechost.dll
0x00007ffa208b0000 - 0x00007ffa209d4000 	C:\WINDOWS\System32\RPCRT4.dll
0x00007ffa20250000 - 0x00007ffa203e0000 	C:\WINDOWS\System32\USER32.dll
0x00007ffa1fdf0000 - 0x00007ffa1fe10000 	C:\WINDOWS\System32\win32u.dll
0x00007ffa22640000 - 0x00007ffa22668000 	C:\WINDOWS\System32\GDI32.dll
0x00007ffa1fb50000 - 0x00007ffa1fce2000 	C:\WINDOWS\System32\gdi32full.dll
0x00007ffa1fe10000 - 0x00007ffa1feaf000 	C:\WINDOWS\System32\msvcp_win.dll
0x00007ffa1f060000 - 0x00007ffa1f15a000 	C:\WINDOWS\System32\ucrtbase.dll
0x00007ffa03240000 - 0x00007ffa034a9000 	C:\WINDOWS\WinSxS\amd64_microsoft.windows.common-controls_6595b64144ccf1df_6.0.17134.407_none_fb449d63306391e9\COMCTL32.dll
0x00007ffa226a0000 - 0x00007ffa229c2000 	C:\WINDOWS\System32\combase.dll
0x00007ffa1edf0000 - 0x00007ffa1ee6a000 	C:\WINDOWS\System32\bcryptPrimitives.dll
0x00007ffa22670000 - 0x00007ffa2269d000 	C:\WINDOWS\System32\IMM32.DLL
0x000000005fa30000 - 0x000000005fb02000 	C:\Program Files\Android\Android Studio\jre\jre\bin\msvcr100.dll
0x000000005fbf0000 - 0x0000000060431000 	C:\Program Files\Android\Android Studio\jre\jre\bin\server\jvm.dll
0x00007ffa209e0000 - 0x00007ffa209e8000 	C:\WINDOWS\System32\PSAPI.DLL
0x00007ffa051a0000 - 0x00007ffa051a9000 	C:\WINDOWS\SYSTEM32\WSOCK32.dll
0x00007ffa198f0000 - 0x00007ffa198fa000 	C:\WINDOWS\SYSTEM32\VERSION.dll
0x00007ffa1a8b0000 - 0x00007ffa1a8d3000 	C:\WINDOWS\SYSTEM32\WINMM.dll
0x00007ffa206c0000 - 0x00007ffa2072c000 	C:\WINDOWS\System32\WS2_32.dll
0x00007ffa1a880000 - 0x00007ffa1a8aa000 	C:\WINDOWS\SYSTEM32\winmmbase.dll
0x00007ffa1fda0000 - 0x00007ffa1fde9000 	C:\WINDOWS\System32\cfgmgr32.dll
0x00007ff9f3ef0000 - 0x00007ff9f3eff000 	C:\Program Files\Android\Android Studio\jre\jre\bin\verify.dll
0x00007ff9c9c40000 - 0x00007ff9c9c69000 	C:\Program Files\Android\Android Studio\jre\jre\bin\java.dll
0x00007ff9c9c20000 - 0x00007ff9c9c36000 	C:\Program Files\Android\Android Studio\jre\jre\bin\zip.dll
0x00007ffa20b60000 - 0x00007ffa21f9f000 	C:\WINDOWS\System32\SHELL32.dll
0x00007ffa20ab0000 - 0x00007ffa20b59000 	C:\WINDOWS\System32\shcore.dll
0x00007ffa1f160000 - 0x00007ffa1f86d000 	C:\WINDOWS\System32\windows.storage.dll
0x00007ffa203e0000 - 0x00007ffa20431000 	C:\WINDOWS\System32\shlwapi.dll
0x00007ffa1edd0000 - 0x00007ffa1ede1000 	C:\WINDOWS\System32\kernel.appcore.dll
0x00007ffa1ed30000 - 0x00007ffa1ed4f000 	C:\WINDOWS\System32\profapi.dll
0x00007ffa1ed50000 - 0x00007ffa1ed9c000 	C:\WINDOWS\System32\powrprof.dll
0x00007ffa1edc0000 - 0x00007ffa1edca000 	C:\WINDOWS\System32\FLTLIB.DLL
0x00007ff9c9b20000 - 0x00007ff9c9b3a000 	C:\Program Files\Android\Android Studio\jre\jre\bin\net.dll
0x00007ffa1e5b0000 - 0x00007ffa1e616000 	C:\WINDOWS\system32\mswsock.dll
0x00007ff9c9b00000 - 0x00007ff9c9b11000 	C:\Program Files\Android\Android Studio\jre\jre\bin\nio.dll
0x00007ffa19d40000 - 0x00007ffa19d5e000 	C:\Users\Windows 10\.gradle\native\25\windows-amd64\native-platform.dll
0x00007ff9e5ab0000 - 0x00007ff9e5abd000 	C:\Program Files\Android\Android Studio\jre\jre\bin\management.dll
0x00007ffa1e760000 - 0x00007ffa1e777000 	C:\WINDOWS\SYSTEM32\CRYPTSP.dll
0x00007ffa1e190000 - 0x00007ffa1e1c3000 	C:\WINDOWS\system32\rsaenh.dll
0x00007ffa1e890000 - 0x00007ffa1e8b5000 	C:\WINDOWS\SYSTEM32\bcrypt.dll
0x00007ffa1ec30000 - 0x00007ffa1ec58000 	C:\WINDOWS\SYSTEM32\USERENV.dll
0x00007ffa1e780000 - 0x00007ffa1e78b000 	C:\WINDOWS\SYSTEM32\CRYPTBASE.dll
0x00007ffa1e330000 - 0x00007ffa1e368000 	C:\WINDOWS\SYSTEM32\IPHLPAPI.DLL
0x00007ffa20010000 - 0x00007ffa20018000 	C:\WINDOWS\System32\NSI.dll
0x00007ffa16ce0000 - 0x00007ffa16cf6000 	C:\WINDOWS\SYSTEM32\dhcpcsvc6.DLL
0x00007ffa174b0000 - 0x00007ffa174ca000 	C:\WINDOWS\SYSTEM32\dhcpcsvc.DLL
0x00007ffa199a0000 - 0x00007ffa199c4000 	C:\Program Files\Android\Android Studio\jre\jre\bin\sunec.dll
0x00007ffa1e370000 - 0x00007ffa1e42e000 	C:\WINDOWS\SYSTEM32\DNSAPI.dll
0x00007ffa14ab0000 - 0x00007ffa14aba000 	C:\Windows\System32\rasadhlp.dll
0x00007ffa0b640000 - 0x00007ffa0b6b2000 	C:\WINDOWS\System32\fwpuclnt.dll
0x00007ffa19560000 - 0x00007ffa1956b000 	C:\Program Files\Android\Android Studio\jre\jre\bin\sunmscapi.dll
0x00007ffa1ee70000 - 0x00007ffa1f052000 	C:\WINDOWS\System32\CRYPT32.dll
0x00007ffa1eda0000 - 0x00007ffa1edb2000 	C:\WINDOWS\System32\MSASN1.dll
0x00007ff9c9960000 - 0x00007ff9c9af7000 	C:\Program Files\Android\Android Studio\jre\jre\bin\awt.dll
0x00007ffa20440000 - 0x00007ffa20502000 	C:\WINDOWS\System32\OLEAUT32.dll
0x00007ffa1c3e0000 - 0x00007ffa1c9a7000 	C:\WINDOWS\SYSTEM32\d2d1.dll
0x00007ffa1d090000 - 0x00007ffa1d11b000 	C:\WINDOWS\SYSTEM32\apphelp.dll
0x00007ffa1d4a0000 - 0x00007ffa1d4c9000 	C:\WINDOWS\system32\DWMAPI.DLL
0x00007ffa1d1c0000 - 0x00007ffa1d258000 	C:\WINDOWS\system32\uxtheme.dll
0x00007ffa049f0000 - 0x00007ffa04bb9000 	C:\WINDOWS\SYSTEM32\dbghelp.dll

VM Arguments:
jvm_args: -Xmx1536m -Dfile.encoding=GBK -Duser.country=US -Duser.language=en -Duser.variant 
java_command: org.gradle.launcher.daemon.bootstrap.GradleDaemon 4.4
java_class_path (initial): C:\Users\Windows 10\.gradle\wrapper\dists\gradle-4.4-all\9br9xq1tocpiv8o6njlyu5op1\gradle-4.4\lib\gradle-launcher-4.4.jar
Launcher Type: SUN_STANDARD

Environment Variables:
PATH=C:\Program Files\NVIDIA GPU Computing Toolkit\CUDA\v10.0\bin;C:\Program Files\NVIDIA GPU Computing Toolkit\CUDA\v10.0\libnvvp;C:\wget;C:\WINDOWS\system32;C:\WINDOWS;C:\WINDOWS\System32\Wbem;C:\WINDOWS\System32\WindowsPowerShell\v1.0\;C:\WINDOWS\System32\OpenSSH\;C:\Program Files (x86)\Calibre2\;C:\Program Files\Microsoft VS Code\bin;D:\ProgramFiles\Git\cmd;;C:\Program Files (x86)\NVIDIA Corporation\PhysX\Common;C:\Program Files\NVIDIA Corporation\NVIDIA NvDLISR;C:\Users\Windows 10\Anaconda3;C:\Users\Windows 10\Anaconda3\Library\mingw-w64\bin;C:\Users\Windows 10\Anaconda3\Library\usr\bin;C:\Users\Windows 10\Anaconda3\Library\bin;C:\Users\Windows 10\Anaconda3\Scripts;C:\Users\Windows 10\AppData\Local\Microsoft\WindowsApps;C:\wget
USERNAME=Windows 10
OS=Windows_NT
PROCESSOR_IDENTIFIER=Intel64 Family 6 Model 94 Stepping 3, GenuineIntel



---------------  S Y S T E M  ---------------

OS: Windows 10.0 , 64 bit Build 17134 (10.0.17134.1)

CPU:total 8 (initial active 8) (4 cores per cpu, 2 threads per core) family 6 model 94 stepping 3, cmov, cx8, fxsr, mmx, sse, sse2, sse3, ssse3, sse4.1, sse4.2, popcnt, avx, avx2, aes, clmul, erms, rtm, 3dnowpref, lzcnt, ht, tsc, tscinvbit, bmi1, bmi2, adx

Memory: 4k page, physical 8175468k(1861360k free), swap 12238700k(3672348k free)

vm_info: OpenJDK 64-Bit Server VM (25.152-b06) for windows-amd64 JRE (1.8.0_152-release-1136-b06), built by "builder" with MS VC++ 10.0 (VS2010)

time: Sun Dec 02 11:44:00 2018
elapsed time: 1771 seconds (0d 0h 29m 31s)

